c:\users\feliz\documents\lab compu grafica\pro1\project1\prac9\debug\vc142.pdb
c:\users\feliz\documents\lab compu grafica\pro1\project1\prac9\debug\vc142.idb
c:\users\feliz\documents\lab compu grafica\pro1\project1\prac9\debug\window.obj
c:\users\feliz\documents\lab compu grafica\pro1\project1\prac9\debug\texture.obj
c:\users\feliz\documents\lab compu grafica\pro1\project1\prac9\debug\spotlight.obj
c:\users\feliz\documents\lab compu grafica\pro1\project1\prac9\debug\sphere.obj
c:\users\feliz\documents\lab compu grafica\pro1\project1\prac9\debug\skybox.obj
c:\users\feliz\documents\lab compu grafica\pro1\project1\prac9\debug\shader_light.obj
c:\users\feliz\documents\lab compu grafica\pro1\project1\prac9\debug\pointlight.obj
c:\users\feliz\documents\lab compu grafica\pro1\project1\prac9\debug\model.obj
c:\users\feliz\documents\lab compu grafica\pro1\project1\prac9\debug\mesh_tn.obj
c:\users\feliz\documents\lab compu grafica\pro1\project1\prac9\debug\material.obj
c:\users\feliz\documents\lab compu grafica\pro1\project1\prac9\debug\light.obj
c:\users\feliz\documents\lab compu grafica\pro1\project1\prac9\debug\iluminacion20221.obj
c:\users\feliz\documents\lab compu grafica\pro1\project1\prac9\debug\directionallight.obj
c:\users\feliz\documents\lab compu grafica\pro1\project1\prac9\debug\camera.obj
c:\users\feliz\documents\lab compu grafica\pro1\project1\prac9\debug\animacion.obj
c:\users\feliz\documents\lab compu grafica\pro1\project1\debug\prac9.exe
c:\users\feliz\documents\lab compu grafica\pro1\project1\prac9\debug\prac9.ilk
c:\users\feliz\documents\lab compu grafica\pro1\project1\debug\prac9.pdb
c:\users\feliz\documents\lab compu grafica\pro1\project1\prac9\debug\prac9.tlog\cl.command.1.tlog
c:\users\feliz\documents\lab compu grafica\pro1\project1\prac9\debug\prac9.tlog\cl.read.1.tlog
c:\users\feliz\documents\lab compu grafica\pro1\project1\prac9\debug\prac9.tlog\cl.write.1.tlog
c:\users\feliz\documents\lab compu grafica\pro1\project1\prac9\debug\prac9.tlog\link.command.1.tlog
c:\users\feliz\documents\lab compu grafica\pro1\project1\prac9\debug\prac9.tlog\link.read.1.tlog
c:\users\feliz\documents\lab compu grafica\pro1\project1\prac9\debug\prac9.tlog\link.write.1.tlog
