c:\users\feliz\documents\lab compu grafica\pro1\project1\prac8\debug\vc142.pdb
c:\users\feliz\documents\lab compu grafica\pro1\project1\prac8\debug\vc142.idb
c:\users\feliz\documents\lab compu grafica\pro1\project1\prac8\debug\window.obj
c:\users\feliz\documents\lab compu grafica\pro1\project1\prac8\debug\texture.obj
c:\users\feliz\documents\lab compu grafica\pro1\project1\prac8\debug\spotlight.obj
c:\users\feliz\documents\lab compu grafica\pro1\project1\prac8\debug\sphere.obj
c:\users\feliz\documents\lab compu grafica\pro1\project1\prac8\debug\skybox.obj
c:\users\feliz\documents\lab compu grafica\pro1\project1\prac8\debug\shader_light.obj
c:\users\feliz\documents\lab compu grafica\pro1\project1\prac8\debug\pointlight.obj
c:\users\feliz\documents\lab compu grafica\pro1\project1\prac8\debug\model.obj
c:\users\feliz\documents\lab compu grafica\pro1\project1\prac8\debug\mesh_tn.obj
c:\users\feliz\documents\lab compu grafica\pro1\project1\prac8\debug\material.obj
c:\users\feliz\documents\lab compu grafica\pro1\project1\prac8\debug\light.obj
c:\users\feliz\documents\lab compu grafica\pro1\project1\prac8\debug\iluminacion20221.obj
c:\users\feliz\documents\lab compu grafica\pro1\project1\prac8\debug\directionallight.obj
c:\users\feliz\documents\lab compu grafica\pro1\project1\prac8\debug\camera.obj
c:\users\feliz\documents\lab compu grafica\pro1\project1\debug\prac8.exe
c:\users\feliz\documents\lab compu grafica\pro1\project1\prac8\debug\prac8.ilk
c:\users\feliz\documents\lab compu grafica\pro1\project1\debug\prac8.pdb
c:\users\feliz\documents\lab compu grafica\pro1\project1\prac8\debug\prac8.tlog\cl.command.1.tlog
c:\users\feliz\documents\lab compu grafica\pro1\project1\prac8\debug\prac8.tlog\cl.read.1.tlog
c:\users\feliz\documents\lab compu grafica\pro1\project1\prac8\debug\prac8.tlog\cl.write.1.tlog
c:\users\feliz\documents\lab compu grafica\pro1\project1\prac8\debug\prac8.tlog\link.command.1.tlog
c:\users\feliz\documents\lab compu grafica\pro1\project1\prac8\debug\prac8.tlog\link.read.1.tlog
c:\users\feliz\documents\lab compu grafica\pro1\project1\prac8\debug\prac8.tlog\link.write.1.tlog
